<?xml version="1.0" encoding="UTF-8"?>
<testng-results total="1" passed="1" failed="0" skipped="0">
  <reporter-output>
  </reporter-output>
  <suite started-at="2023-09-20T16:33:30Z" name="Suite" finished-at="2023-09-20T16:33:45Z" duration-ms="14954">
    <groups>
    </groups>
    <test started-at="2023-09-20T16:33:30Z" name="Test" finished-at="2023-09-20T16:33:45Z" duration-ms="14954">
      <class name="com.qa.test.SampleTest">
        <test-method signature="test13(java.lang.String)" started-at="2023-09-20T16:33:30Z" name="test13" finished-at="2023-09-20T16:33:45Z" duration-ms="14911" status="PASS">
          <params>
            <param index="0">
              <value>
                <![CDATA[chrome]]>
              </value>
            </param>
          </params>
        </test-method>
      </class>
    </test>
  </suite>
</testng-results>
