<?xml version="1.0" encoding="UTF-8"?>
<testng-results ignored="0" total="1" passed="1" failed="0" skipped="0">
  <reporter-output>
  </reporter-output>
  <suite started-at="2023-09-20T15:39:54 EDT" name="Default suite" finished-at="2023-09-20T15:40:05 EDT" duration-ms="10956">
    <groups>
    </groups>
    <test started-at="2023-09-20T15:39:54 EDT" name="Default test" finished-at="2023-09-20T15:40:05 EDT" duration-ms="10956">
      <class name="com.qa.test.SampleTest">
        <test-method signature="test13()[pri:0, instance:com.qa.test.SampleTest@11bd0f3b]" started-at="2023-09-20T15:39:54 EDT" name="test13" finished-at="2023-09-20T15:40:05 EDT" duration-ms="10814" status="PASS">
          <reporter-output>
          </reporter-output>
        </test-method> <!-- test13 -->
      </class> <!-- com.qa.test.SampleTest -->
    </test> <!-- Default test -->
  </suite> <!-- Default suite -->
</testng-results>
